This is pdfTeX, Version 3.141592653-2.6-1.40.22 (TeX Live 2022/dev/Debian) (preloaded format=pdflatex 2024.3.15)  5 APR 2024 11:47
entering extended mode
 restricted \write18 enabled.
 %&-line parsing enabled.
**"Zadaci za samostalni rad 4.tex"
(./Zadaci za samostalni rad 4.tex
LaTeX2e <2021-11-15> patch level 1
L3 programming layer <2022-01-21> (./samostalan.cls
Document Class: samostalan 2024/02/08 1.0 (IH)
(/usr/share/texlive/texmf-dist/tex/latex/base/report.cls
Document Class: report 2021/10/04 v1.4n Standard LaTeX document class
(/usr/share/texlive/texmf-dist/tex/latex/base/size12.clo
File: size12.clo 2021/10/04 v1.4n Standard LaTeX file (size option)
)
\c@part=\count185
\c@chapter=\count186
\c@section=\count187
\c@subsection=\count188
\c@subsubsection=\count189
\c@paragraph=\count190
\c@subparagraph=\count191
\c@figure=\count192
\c@table=\count193
\abovecaptionskip=\skip47
\belowcaptionskip=\skip48
\bibindent=\dimen138
)
(/usr/share/texlive/texmf-dist/tex/generic/babel/babel.sty
Package: babel 2022/01/26 3.70 The Babel package
\babel@savecnt=\count194
\U@D=\dimen139
\l@unhyphenated=\language87

(/usr/share/texlive/texmf-dist/tex/generic/babel/txtbabel.def)
\bbl@readstream=\read2
\bbl@dirlevel=\count195

(/usr/share/texlive/texmf-dist/tex/generic/babel-croatian/croatian.ldf
Language: croatian 2014/03/31 v1.3m Croatian support from the babel system
))
(/usr/share/texlive/texmf-dist/tex/latex/enumitem/enumitem.sty
Package: enumitem 2019/06/20 v3.9 Customized lists
\enitkv@toks@=\toks16
\labelindent=\skip49
\enit@outerparindent=\dimen140
\enit@toks=\toks17
\enit@inbox=\box50
\enit@count@id=\count196
\enitdp@description=\count197
)
(/usr/share/texlive/texmf-dist/tex/latex/graphics/graphicx.sty
Package: graphicx 2021/09/16 v1.2d Enhanced LaTeX Graphics (DPC,SPQR)

(/usr/share/texlive/texmf-dist/tex/latex/graphics/keyval.sty
Package: keyval 2014/10/28 v1.15 key=value parser (DPC)
\KV@toks@=\toks18
)
(/usr/share/texlive/texmf-dist/tex/latex/graphics/graphics.sty
Package: graphics 2021/03/04 v1.4d Standard LaTeX Graphics (DPC,SPQR)

(/usr/share/texlive/texmf-dist/tex/latex/graphics/trig.sty
Package: trig 2021/08/11 v1.11 sin cos tan (DPC)
)
(/usr/share/texlive/texmf-dist/tex/latex/graphics-cfg/graphics.cfg
File: graphics.cfg 2016/06/04 v1.11 sample graphics configuration
)
Package graphics Info: Driver file: pdftex.def on input line 107.

(/usr/share/texlive/texmf-dist/tex/latex/graphics-def/pdftex.def
File: pdftex.def 2020/10/05 v1.2a Graphics/color driver for pdftex
))
\Gin@req@height=\dimen141
\Gin@req@width=\dimen142
))
\c@brojLista=\count198
\c@cjelina=\count199
\c@zadatak=\count266

(/usr/share/texlive/texmf-dist/tex/latex/l3backend/l3backend-pdftex.def
File: l3backend-pdftex.def 2022-01-12 L3 backend support: PDF output (pdfTeX)
\l__color_backend_stack_int=\count267
\l__pdf_internal_box=\box51
)
(./Zadaci za samostalni rad 4.aux)
\openout1 = `"Zadaci za samostalni rad 4.aux"'.

LaTeX Font Info:    Checking defaults for OML/cmm/m/it on input line 7.
LaTeX Font Info:    ... okay on input line 7.
LaTeX Font Info:    Checking defaults for OMS/cmsy/m/n on input line 7.
LaTeX Font Info:    ... okay on input line 7.
LaTeX Font Info:    Checking defaults for OT1/cmr/m/n on input line 7.
LaTeX Font Info:    ... okay on input line 7.
LaTeX Font Info:    Checking defaults for T1/cmr/m/n on input line 7.
LaTeX Font Info:    ... okay on input line 7.
LaTeX Font Info:    Checking defaults for TS1/cmr/m/n on input line 7.
LaTeX Font Info:    ... okay on input line 7.
LaTeX Font Info:    Checking defaults for OMX/cmex/m/n on input line 7.
LaTeX Font Info:    ... okay on input line 7.
LaTeX Font Info:    Checking defaults for U/cmr/m/n on input line 7.
LaTeX Font Info:    ... okay on input line 7.

(/usr/share/texlive/texmf-dist/tex/context/base/mkii/supp-pdf.mkii
[Loading MPS to PDF converter (version 2006.09.02).]
\scratchcounter=\count268
\scratchdimen=\dimen143
\scratchbox=\box52
\nofMPsegments=\count269
\nofMParguments=\count270
\everyMPshowfont=\toks19
\MPscratchCnt=\count271
\MPscratchDim=\dimen144
\MPnumerator=\count272
\makeMPintoPDFobject=\count273
\everyMPtoPDFconversion=\toks20
) (/usr/share/texlive/texmf-dist/tex/latex/epstopdf-pkg/epstopdf-base.sty
Package: epstopdf-base 2020-01-24 v2.11 Base part for package epstopdf
Package epstopdf-base Info: Redefining graphics rule for `.eps' on input line 4
85.

(/usr/share/texlive/texmf-dist/tex/latex/latexconfig/epstopdf-sys.cfg
File: epstopdf-sys.cfg 2010/07/13 v1.3 Configuration of (r)epstopdf for TeX Liv
e
))
(../03_Dinamika_materijalne_tocke/Zadatak_D205.tex
LaTeX Font Info:    External font `cmex10' loaded for size
(Font)              <12> on input line 9.
LaTeX Font Info:    External font `cmex10' loaded for size
(Font)              <8> on input line 9.
LaTeX Font Info:    External font `cmex10' loaded for size
(Font)              <6> on input line 9.
<../03_Dinamika_materijalne_tocke/Zadatak_D201.png, id=1, 581.17125pt x 328.979
06pt>
File: ../03_Dinamika_materijalne_tocke/Zadatak_D201.png Graphic file (type png)

<use ../03_Dinamika_materijalne_tocke/Zadatak_D201.png>
Package pdftex.def Info: ../03_Dinamika_materijalne_tocke/Zadatak_D201.png  use
d on input line 9.
(pdftex.def)             Requested size: 168.53534pt x 95.40147pt.
)
(../03_Dinamika_materijalne_tocke/Zadatak_D230.tex)
(../03_Dinamika_materijalne_tocke/Zadatak_D243.tex)
(../03_Dinamika_materijalne_tocke/Zadatak_D246.tex)
(../03_Dinamika_materijalne_tocke/Zadatak_D260.tex [1

{/var/lib/texmf/fonts/map/pdftex/updmap/pdftex.map} <../03_Dinamika_materijalne
_tocke/Zadatak_D201.png>]
<../03_Dinamika_materijalne_tocke/Zadatak_D260.png, id=16, 172.2435pt x 167.425
5pt>
File: ../03_Dinamika_materijalne_tocke/Zadatak_D260.png Graphic file (type png)

<use ../03_Dinamika_materijalne_tocke/Zadatak_D260.png>
Package pdftex.def Info: ../03_Dinamika_materijalne_tocke/Zadatak_D260.png  use
d on input line 13.
(pdftex.def)             Requested size: 103.3469pt x 100.45605pt.
) (../03_Dinamika_materijalne_tocke/Zadatak_D243.tex)
(../03_Dinamika_materijalne_tocke/Zadatak_D306.tex
<../03_Dinamika_materijalne_tocke/Zadatak_D301.png, id=17, 598.48593pt x 164.86
594pt>
File: ../03_Dinamika_materijalne_tocke/Zadatak_D301.png Graphic file (type png)

<use ../03_Dinamika_materijalne_tocke/Zadatak_D301.png>
Package pdftex.def Info: ../03_Dinamika_materijalne_tocke/Zadatak_D301.png  use
d on input line 13.
(pdftex.def)             Requested size: 179.54716pt x 49.46014pt.
)
(../03_Dinamika_materijalne_tocke/Zadatak_D310.tex [2 <../03_Dinamika_materijal
ne_tocke/Zadatak_D260.png> <../03_Dinamika_materijalne_tocke/Zadatak_D301.png>]
<../03_Dinamika_materijalne_tocke/Zadatak_D310.png, id=22, 849.1725pt x 331.237
5pt>
File: ../03_Dinamika_materijalne_tocke/Zadatak_D310.png Graphic file (type png)

<use ../03_Dinamika_materijalne_tocke/Zadatak_D310.png>
Package pdftex.def Info: ../03_Dinamika_materijalne_tocke/Zadatak_D310.png  use
d on input line 16.
(pdftex.def)             Requested size: 169.83148pt x 66.24632pt.
) (../03_Dinamika_materijalne_tocke/Zadatak_D318.tex
<../03_Dinamika_materijalne_tocke/Zadatak_D318.png, id=23, 922.19531pt x 357.58
594pt>
File: ../03_Dinamika_materijalne_tocke/Zadatak_D318.png Graphic file (type png)

<use ../03_Dinamika_materijalne_tocke/Zadatak_D318.png>
Package pdftex.def Info: ../03_Dinamika_materijalne_tocke/Zadatak_D318.png  use
d on input line 13.
(pdftex.def)             Requested size: 138.32332pt x 53.63557pt.
)
(../03_Dinamika_materijalne_tocke/Zadatak_D340.tex
<../03_Dinamika_materijalne_tocke/Zadatak_D340.png, id=24, 575.90157pt x 331.23
75pt>
File: ../03_Dinamika_materijalne_tocke/Zadatak_D340.png Graphic file (type png)

<use ../03_Dinamika_materijalne_tocke/Zadatak_D340.png>
Package pdftex.def Info: ../03_Dinamika_materijalne_tocke/Zadatak_D340.png  use
d on input line 9.
(pdftex.def)             Requested size: 230.35654pt x 132.49265pt.
) [3 <../03_Dinamika_materijalne_tocke/Zadatak_D310.png> <../03_Dinamika_materi
jalne_tocke/Zadatak_D318.png> <../03_Dinamika_materijalne_tocke/Zadatak_D340.pn
g>]
(./Zadaci za samostalni rad 4.aux) ) 
Here is how much of TeX's memory you used:
 2696 strings out of 478287
 48506 string characters out of 5849289
 354987 words of memory out of 5000000
 20879 multiletter control sequences out of 15000+600000
 473205 words of font info for 41 fonts, out of 8000000 for 9000
 1141 hyphenation exceptions out of 8191
 70i,5n,76p,410b,230s stack positions out of 5000i,500n,10000p,200000b,80000s
</usr/share/texlive/texmf-dist/fonts/type1/
public/amsfonts/cm/cmbx12.pfb></usr/share/texlive/texmf-dist/fonts/type1/public
/amsfonts/cm/cmcsc10.pfb></usr/share/texlive/texmf-dist/fonts/type1/public/amsf
onts/cm/cmmi12.pfb></usr/share/texlive/texmf-dist/fonts/type1/public/amsfonts/c
m/cmmi8.pfb></usr/share/texlive/texmf-dist/fonts/type1/public/amsfonts/cm/cmr12
.pfb></usr/share/texlive/texmf-dist/fonts/type1/public/amsfonts/cm/cmr8.pfb></u
sr/share/texlive/texmf-dist/fonts/type1/public/amsfonts/cm/cmsy8.pfb>
Output written on "Zadaci za samostalni rad 4.pdf" (3 pages, 161192 bytes).
PDF statistics:
 61 PDF objects out of 1000 (max. 8388607)
 30 compressed objects within 1 object stream
 0 named destinations out of 1000 (max. 500000)
 31 words of extra memory for PDF output out of 10000 (max. 10000000)

